proguard-project.txt
# To enable ProGuard in your project, edit project.properties
# to define the proguard.config property as described in that file.
#
# Add project specific ProGuard rules here.
# By default, the flags in this file are appended to flags specified
# in ${sdk.dir}/tools/proguard/proguard-android.txt
# You can edit the include path and order by changing the ProGuard
# include property in project.properties.
#
# For more details, see
#   http://developer.android.com/guide/developing/tools/proguard.html

# Add any project specific keep options here:

# If your project uses WebView with JS, uncomment the following
# and specify the fully qualified class name to the JavaScript interface
# class:
#-keepclassmembers class fqcn.of.javascript.interface.for.webview {
#   public *;
#}

-libraryjars   libs/android-support-v4.jar 
-libraryjars   libs/gson-2.2.4.jar
-libraryjars   libs/litepal-1.1.1-src.jar
-libraryjars   libs/locSDK_5.01.jar
-libraryjars   libs/pushservice-4.4.0.71.jar
-libraryjars   libs/umeng-analytics-v5.5.2.jar
-libraryjars   libs/universal-image-loader-1.9.0.jar
-libraryjars   libs/UPPayAssistEx.jar
-libraryjars   libs/UPPayPluginEx.jar

-libraryjars libs/armeabi/libanychatcore.so
-libraryjars libs/armeabi/libaudio_preprocessing.so
-libraryjars libs/armeabi/libbdpush_V2_2.so
-libraryjars libs/armeabi/libentryex.so
-libraryjars libs/armeabi/liblocSDK5.so
-libraryjars libs/armeabi/libmediacore.so
-libraryjars libs/armeabi/libmediahwcodec_rk30_4.1.so
-libraryjars libs/armeabi/libmediahwcodec_rk30_4.2.so
-libraryjars libs/armeabi/libmediashow.so
-libraryjars libs/armeabi/libmediautil_v6.so
-libraryjars libs/armeabi/libmediautil_v7.so

-libraryjars libs/mips/libbdpush_V2_2.so

-libraryjars libs/alipaysdk.jar
-libraryjars libs/alipaysecsdk.jar
-libraryjars libs/alipayutdid.jar
-keep class com.alipay.android.app.IAlixPay{*;}
-keep class com.alipay.android.app.IAlixPay$Stub{*;}
-keep class com.alipay.android.app.IRemoteServiceCallback{*;} 
-keep class com.alipay.android.app.IRemoteServiceCallback$Stub{*;} 
-keep class com.alipay.sdk.app.PayTask{ public *;}
-keep class com.alipay.sdk.app.AuthTask{ public *;}
-keep class com.alipay.mobilesecuritysdk.*
-keep class com.ut.*

-dontwarn android.** 
-dontwarn android.support.v4.** 

-keep class com.nostra13.universalimageloader.** { *; }
-keep class cn.trinea.android.common.** { *; }
-keep class com.google.gson.** { *; }
-keep class com.loopj.android.** { *; }
-keep class android.support.v4.** { *; }
-keep interface android.support.v4.app.** { *; }
-keep public class * extends android.support.v4.**
-keep public class * extends android.app.Fragment
-keep public class com.android.vending.licensing.ILicensingService

-dontwarn com.baidu.** 

-keep class com.baidu.mobstat.** { *;}
-keep class * extends com.baidu.mobstat.**  
-keep class com.baidu.kirin.** {*; }

-keep class com.baidu.**{*;}
-keep class vi.com.gdi.bgl.**{*;}

-keep public class * extends android.app.Application
-keep public class * extends android.app.Service
-keep public class * extends android.content.BroadcastReceiver
-keep public class * extends android.content.ContentProvider
-keep public class * extends android.app.backup.BackupAgentHelper
-keep public class * extends android.preference.Preference
-keep public class com.android.vending.licensing.ILicensingService