proguard/seeds.txt
com.epalmpay.userPhone.R$anim: int bottom_in
com.epalmpay.userPhone.R$anim: int bottom_out
com.epalmpay.userPhone.R$anim: int in_from_left
com.epalmpay.userPhone.R$anim: int in_from_right
com.epalmpay.userPhone.R$anim: int out_to_left
com.epalmpay.userPhone.R$anim: int out_to_right
com.epalmpay.userPhone.R$anim: int tanchudialog
com.epalmpay.userPhone.R$anim: int toast_dialog_enter
com.epalmpay.userPhone.R$anim: int toast_dialog_exit
com.epalmpay.userPhone.R$anim: int top_in
com.epalmpay.userPhone.R$anim: int top_out
com.epalmpay.userPhone.R$anim: int xiaoshidialog
com.epalmpay.userPhone.R$array: int after_sale_change
com.epalmpay.userPhone.R$array: int after_sale_lease
com.epalmpay.userPhone.R$array: int after_sale_maintian
com.epalmpay.userPhone.R$array: int after_sale_number
com.epalmpay.userPhone.R$array: int after_sale_return
com.epalmpay.userPhone.R$array: int after_sale_terminal
com.epalmpay.userPhone.R$array: int apply_detail_bank_keys
com.epalmpay.userPhone.R$array: int apply_detail_bank_keys_private
com.epalmpay.userPhone.R$array: int apply_detail_bank_keys_public
com.epalmpay.userPhone.R$array: int apply_detail_gender
com.epalmpay.userPhone.R$array: int apply_detail_merchant_keys
com.epalmpay.userPhone.R$array: int apply_detail_upload
com.epalmpay.userPhone.R$array: int apply_detail_view
com.epalmpay.userPhone.R$array: int cancel_status
com.epalmpay.userPhone.R$array: int change_status
com.epalmpay.userPhone.R$array: int lease_status
com.epalmpay.userPhone.R$array: int maintain_status
com.epalmpay.userPhone.R$array: int return_status
com.epalmpay.userPhone.R$array: int terminal_apply_keys
com.epalmpay.userPhone.R$array: int terminal_detail_view
com.epalmpay.userPhone.R$array: int terminal_open_status
com.epalmpay.userPhone.R$array: int terminal_status
com.epalmpay.userPhone.R$array: int title_after_sale_detail
com.epalmpay.userPhone.R$array: int title_after_sale_list
com.epalmpay.userPhone.R$array: int trade_flow_tabs
com.epalmpay.userPhone.R$array: int trade_item_bank
com.epalmpay.userPhone.R$attr: int isAutoLoadOnBottom
com.epalmpay.userPhone.R$attr: int isDropDownStyle
com.epalmpay.userPhone.R$attr: int isOnBottomStyle
com.epalmpay.userPhone.R$color: int B4B4B4
com.epalmpay.userPhone.R$color: int B5B5B6
com.epalmpay.userPhone.R$color: int C0075FF
com.epalmpay.userPhone.R$color: int E8E8E7
com.epalmpay.userPhone.R$color: int F3F2F2
com.epalmpay.userPhone.R$color: int F3F3F3
com.epalmpay.userPhone.R$color: int F6F9FA
com.epalmpay.userPhone.R$color: int FB9401
com.epalmpay.userPhone.R$color: int Viewc
com.epalmpay.userPhone.R$color: int Viewc2
com.epalmpay.userPhone.R$color: int adadad
com.epalmpay.userPhone.R$color: int background_dark
com.epalmpay.userPhone.R$color: int background_pressed
com.epalmpay.userPhone.R$color: int bantouming
com.epalmpay.userPhone.R$color: int bf873e
com.epalmpay.userPhone.R$color: int bg0etitle
com.epalmpay.userPhone.R$color: int bg_0AB2FF
com.epalmpay.userPhone.R$color: int bg_1FB8FE
com.epalmpay.userPhone.R$color: int bg_575D5F
com.epalmpay.userPhone.R$color: int bg_FF0404
com.epalmpay.userPhone.R$color: int bg_FF1F1F
com.epalmpay.userPhone.R$color: int bg_item
com.epalmpay.userPhone.R$color: int bgtitle
com.epalmpay.userPhone.R$color: int black
com.epalmpay.userPhone.R$color: int blank_button_selector
com.epalmpay.userPhone.R$color: int blank_button_white_selector
com.epalmpay.userPhone.R$color: int blue
com.epalmpay.userPhone.R$color: int button_bg_hui_color
com.epalmpay.userPhone.R$color: int c6c6c6
com.epalmpay.userPhone.R$color: int c838383
com.epalmpay.userPhone.R$color: int d3d3d3
com.epalmpay.userPhone.R$color: int d7d7d7
...
cn.trinea.android.common.util.ParcelUtils
cn.trinea.android.common.util.ParcelUtils: ParcelUtils()
cn.trinea.android.common.util.ParcelUtils: boolean readBoolean(android.os.Parcel)
cn.trinea.android.common.util.ParcelUtils: void writeBoolean(boolean,android.os.Parcel)
cn.trinea.android.common.util.ParcelUtils: java.util.Map readHashMapStringAndString(android.os.Parcel)
cn.trinea.android.common.util.ParcelUtils: void writeHashMapStringAndString(java.util.Map,android.os.Parcel,int)
cn.trinea.android.common.util.ParcelUtils: java.util.Map readHashMapStringKey(android.os.Parcel,java.lang.ClassLoader)
cn.trinea.android.common.util.ParcelUtils: void writeHashMapStringKey(java.util.Map,android.os.Parcel,int)
cn.trinea.android.common.util.ParcelUtils: java.util.Map readHashMap(android.os.Parcel,java.lang.ClassLoader)
cn.trinea.android.common.util.ParcelUtils: void writeHashMap(java.util.Map,android.os.Parcel,int)
cn.trinea.android.common.util.PatchUtils
cn.trinea.android.common.util.PatchUtils: PatchUtils()
cn.trinea.android.common.util.PatchUtils: cn.trinea.android.common.entity.PatchResult patch(java.lang.String,java.lang.String,java.lang.String)
cn.trinea.android.common.util.PreferencesUtils
cn.trinea.android.common.util.PreferencesUtils: java.lang.String PREFERENCE_NAME
cn.trinea.android.common.util.PreferencesUtils: void <clinit>()
cn.trinea.android.common.util.PreferencesUtils: PreferencesUtils()
cn.trinea.android.common.util.PreferencesUtils: boolean putString(android.content.Context,java.lang.String,java.lang.String)
cn.trinea.android.common.util.PreferencesUtils: java.lang.String getString(android.content.Context,java.lang.String)
cn.trinea.android.common.util.PreferencesUtils: java.lang.String getString(android.content.Context,java.lang.String,java.lang.String)
cn.trinea.android.common.util.PreferencesUtils: boolean putInt(android.content.Context,java.lang.String,int)
cn.trinea.android.common.util.PreferencesUtils: int getInt(android.content.Context,java.lang.String)
cn.trinea.android.common.util.PreferencesUtils: int getInt(android.content.Context,java.lang.String,int)
cn.trinea.android.common.util.PreferencesUtils: boolean putLong(android.content.Context,java.lang.String,long)
cn.trinea.android.common.util.PreferencesUtils: long getLong(android.content.Context,java.lang.String)
cn.trinea.android.common.util.PreferencesUtils: long getLong(android.content.Context,java.lang.String,long)
cn.trinea.android.common.util.PreferencesUtils: boolean putFloat(android.content.Context,java.lang.String,float)