proguard/mapping.txt
com.example.zf_android.BaseActivity -> com.example.zf_android.a:
    android.app.Dialog loadingDialog -> a
    java.lang.String error -> b
    android.content.Context mContext -> c
    void onCreate(android.os.Bundle) -> onCreate
    void onDestroy() -> onDestroy
    void onResume() -> onResume
    void onPause() -> onPause
com.example.zf_android.Config -> com.example.zf_android.b:
    java.lang.String URL_CHECK_VERSION -> a
    int ROWS -> b
    java.lang.String getmes -> c
    java.lang.String getsysmes -> d
    int UserID -> e
    java.lang.String goodcomment -> f
    java.lang.String FINDPASS -> g
    java.lang.String find_phoneCode -> h
    java.lang.String reg_phoneCode -> i
    int countShopCar -> j
    int newAddAddressId -> k
    java.lang.String changePhoneNum -> l
    java.lang.String changeemail -> m
    java.lang.String channelId -> n
    java.lang.String notificationTitle -> o
    java.lang.String notificationMsgID -> p
com.example.zf_android.MyApplication -> com.example.zf_android.MyApplication:
    android.widget.TextView mLocationResult -> a
    com.baidu.location.LocationClient mLocationClient -> b
    com.baidu.location.GeofenceClient mGeofenceClient -> c
    com.example.zf_android.MyApplication$MyLocationListener mMyLocationListener -> d
    android.os.Vibrator mVibrator -> e
    com.nostra13.universalimageloader.core.ImageLoader mImageLoader -> p
    java.lang.Integer customerId -> q
    java.lang.String username -> r
    java.util.List mCities -> s
    boolean haveShowHint -> t
    com.example.zf_android.MyApplication mInstance -> u
    java.lang.String versionCode -> v
    int notifyId -> w
    java.lang.Boolean isSelect -> x
    int cityId -> y
    java.lang.String cityName -> z
    java.lang.String token -> A
    com.loopj.android.http.AsyncHttpClient client -> f
    com.example.zf_android.entity.PosSelectEntity pse -> g
    java.util.List comfirmList -> h
    java.util.List celist -> i
    java.util.List pub -> j
    java.util.List single -> k
    java.util.List Goodlist -> l
    com.example.zf_android.entity.UserEntity NewUser -> m
    com.example.zf_android.entity.User currentUser -> n
    com.example.zf_android.entity.GoodinfoEntity gfe -> o
    java.util.List mList -> B
    boolean hasOrderPaid -> C
    boolean isSearchedCityWhenReg -> D
    java.util.ArrayList historyList -> E
    int reg_cityId -> F
    void logMsg(java.lang.String) -> a
com.example.zf_android.MyApplication$1 -> com.example.zf_android.c:
    com.example.zf_android.MyApplication this$0 -> a
    void onServiceDisconnected(android.content.ComponentName) -> onServiceDisconnected
    void onServiceConnected(android.content.ComponentName,android.os.IBinder) -> onServiceConnected
com.example.zf_android.MyApplication$MyLocationListener -> com.example.zf_android.d:
    com.example.zf_android.MyApplication this$0 -> a
    void onReceiveLocation(com.baidu.location.BDLocation) -> onReceiveLocation
com.example.zf_android.MyPushMessageReceiver -> com.example.zf_android.MyPushMessageReceiver:
    java.lang.String TAG -> a
    void onBind(android.content.Context,int,java.lang.String,java.lang.String,java.lang.String,java.lang.String) -> onBind
    void onMessage(android.content.Context,java.lang.String,java.lang.String) -> onMessage
    void onNotificationClicked(android.content.Context,java.lang.String,java.lang.String,java.lang.String) -> onNotificationClicked
    void onSetTags(android.content.Context,int,java.util.List,java.util.List,java.lang.String) -> onSetTags
    void onDelTags(android.content.Context,int,java.util.List,java.util.List,java.lang.String) -> onDelTags
    void onListTags(android.content.Context,int,java.util.List,java.lang.String) -> onListTags
    void onUnbind(android.content.Context,int,java.lang.String) -> onUnbind
    void updateContent(android.content.Context,java.lang.String) -> a
...
com.baidu.location.au$b -> com.baidu.location.au$b:
    java.util.List for -> for
    long if -> if
    long int -> int
    boolean do -> do
    boolean new -> new
    com.baidu.location.au a -> a
    java.lang.String int() -> int
    int try() -> try
    java.lang.String char() -> char
    java.lang.String byte() -> byte
    java.lang.String a(int) -> a
    java.lang.String if(int) -> if
    java.lang.String else() -> else
    void a() -> a
    java.lang.String do(int) -> do
    boolean if(com.baidu.location.au$b) -> if
    boolean do(com.baidu.location.au$b) -> do
    boolean a(com.baidu.location.au$b) -> a
    int do() -> do
    boolean case() -> case
    boolean for() -> for
    boolean new() -> new
    boolean if() -> if
com.baidu.location.av -> com.baidu.location.av:
    boolean do(com.baidu.location.au$b) -> do
    int try(com.baidu.location.BDLocation) -> try
    void cm() -> cm
com.baidu.location.aw -> com.baidu.location.aw:
    boolean k3 -> k3
    java.lang.String k2 -> k2
    boolean la -> la
    java.lang.String kY -> kY
    int k4 -> k4
    int k6 -> k6
    java.lang.String k8 -> k8
    char k1 -> k1
    java.lang.String k9 -> k9
    boolean k5 -> k5
    int kT -> kT
    double k0 -> k0
    double kW -> kW
    java.util.List kU -> kU
    boolean kZ -> kZ
    int k7 -> k7
    boolean kV -> kV
    java.lang.String kX -> kX
    int kS -> kS
    void c6() -> c6
    boolean u(java.lang.String) -> u
    boolean c9() -> c9
    int db() -> db
    java.lang.String c8() -> c8
    double da() -> da
    double c7() -> c7
com.baidu.location.ax -> com.baidu.location.ax:
    int iA -> iA
    java.lang.String i -> i
    java.lang.String iy -> iy
    java.lang.String iB -> iB
    java.lang.String iD -> iD
    java.lang.String iF -> iF
    java.lang.String iC -> iC
    java.lang.String iM -> iM
    int iK -> iK
    int iJ -> iJ
    int iz -> iz
    int iI -> iI
    android.content.Context ix -> ix
    com.baidu.location.ax$a iL -> iL
    android.os.HandlerThread iH -> iH
    java.lang.Object iE -> iE
    com.baidu.location.ax iG -> iG
    com.baidu.location.ax for(android.content.Context) -> for
    void if(com.baidu.location.at,com.baidu.location.GeofenceClient$OnAddBDGeofencesResultListener) -> if
    void do(com.baidu.location.at) -> do
    void if(com.baidu.location.at) -> if
    void do(java.lang.String,boolean) -> do
    void if(java.util.List,com.baidu.location.GeofenceClient$OnRemoveBDGeofencesResultListener) -> if
    long cs() -> cs
    void if(int,java.lang.String,com.baidu.location.GeofenceClient$OnAddBDGeofencesResultListener) -> if
    void if(int,java.lang.String[],com.baidu.location.GeofenceClient$OnRemoveBDGeofencesResultListener) -> if
    void cq() -> cq
    void cn() -> cn
    void cr() -> cr
    int if(com.baidu.location.at,java.lang.String) -> if
    int do(java.util.List) -> do
    void cp() -> cp
    void co() -> co
    void if(com.baidu.location.GeofenceClient$OnAddBDGeofencesResultListener,int,java.lang.String) -> if
com.baidu.location.ax$1 -> com.baidu.location.ax$1:
    com.baidu.location.at if -> if
    com.baidu.location.ax a -> a
    void run() -> run
com.baidu.location.ax$2 -> com.baidu.location.ax$2:
    com.baidu.location.at if -> if
    com.baidu.location.ax a -> a
    void run() -> run
com.baidu.location.ax$3 -> com.baidu.location.ax$3:
    com.baidu.location.ax a -> a
    void run() -> run
com.baidu.location.ax$a -> com.baidu.location.ax$a:
    int if -> if
    int do -> do
    int for -> for
    com.baidu.location.ax a -> a
    void handleMessage(android.os.Message) -> handleMessage