proguard/usage.txt
com.epalmpay.userPhone.BuildConfig
com.epalmpay.userPhone.R
com.epalmpay.userPhone.R$anim
com.epalmpay.userPhone.R$array
com.epalmpay.userPhone.R$attr
com.epalmpay.userPhone.R$color
com.epalmpay.userPhone.R$dimen
com.epalmpay.userPhone.R$drawable
com.epalmpay.userPhone.R$id
com.epalmpay.userPhone.R$layout
com.epalmpay.userPhone.R$menu
com.epalmpay.userPhone.R$string
com.epalmpay.userPhone.R$style
com.epalmpay.userPhone.R$styleable
com.example.zf_android.BaseActivity:
    56:84:public static java.lang.String getDeviceInfo(android.content.Context)
com.example.zf_android.Config:
    public static final java.lang.String VIDEO_SERVER_IP
    public static final int VIDEO_SERVER_PORT
    public static final java.lang.String URL_NOTICE_VIDEO
    public static final java.lang.String FILE_PATH
    public static final java.lang.String POS_PIC_URL
    public static final java.lang.String FILE_URL
    public static final java.lang.String PATHS
    public static final java.lang.String NOTIFT_URL
    public static final java.lang.String REPAIR_NOTIFT_URL
    public static final java.lang.String RETURN_URL
    public static final java.lang.String UNION_TN_URL
    public static final java.lang.String UNION_SUCESS_URL
    public static final java.lang.String UNION_MEDE
    public static final java.lang.String IMAGE_PATH
    public static final java.lang.String URL_GET_VERSION
    public static final java.lang.String WANTBUY
    public static final java.lang.String URL_LOGIN
    public static final java.lang.String CHANGEPASS
    public static final int CITY_ID
    public static final java.lang.String updatePassword
    public static final java.lang.String UserRegistration
    public static final java.lang.String SHARED
    public static final java.lang.String RegistgetCode
    public static final java.lang.String GRTONE
    public static final java.lang.String DELETEMSG
    public static final java.lang.String getMSGById
    public static final java.lang.String webMSGById
com.example.zf_android.MyApplication:
    164:164:public static int getNotifyId()
    168:169:public static void setNotifyId(int)
    172:172:public static java.lang.String getVersionCode()
    176:177:public static void setVersionCode(java.lang.String)
    180:180:public static com.example.zf_android.entity.User getCurrentUser()
    184:185:public static void setCurrentUser(com.example.zf_android.entity.User)
    196:197:public void setClient(com.loopj.android.http.AsyncHttpClient)
    200:200:public static java.lang.String getToken()
    204:205:public static void setToken(java.lang.String)
    210:210:public static com.example.zf_android.entity.PosSelectEntity getPse()
    214:215:public static void setPse(com.example.zf_android.entity.PosSelectEntity)
    224:225:public static void setComfirmList(java.util.List)
    234:235:public static void setCelist(java.util.List)
    255:256:public static void setPub(java.util.List)
    263:264:public static void setSingle(java.util.List)
    463:464:public void setHistoryList(java.util.ArrayList)
...
com.ta.utdid2.android.utils.SystemUtils
com.ta.utdid2.core.persistent.FastXmlSerializer:
    private static final int BUFFER_LEN
com.ta.utdid2.core.persistent.MySharedPreferences:
    public abstract int getInt(java.lang.String,int)
    public abstract float getFloat(java.lang.String,float)
    public abstract boolean getBoolean(java.lang.String,boolean)
    public abstract boolean contains(java.lang.String)
    public abstract void registerOnSharedPreferenceChangeListener(com.ta.utdid2.core.persistent.MySharedPreferences$OnSharedPreferenceChangeListener)
    public abstract void unregisterOnSharedPreferenceChangeListener(com.ta.utdid2.core.persistent.MySharedPreferences$OnSharedPreferenceChangeListener)
com.ta.utdid2.core.persistent.MySharedPreferences$MyEditor:
    public abstract com.ta.utdid2.core.persistent.MySharedPreferences$MyEditor remove(java.lang.String)
com.ta.utdid2.core.persistent.PersistentConfiguration:
    private static final java.lang.String KEY_TIMESTAMP
    private static final java.lang.String KEY_TIMESTAMP2
    248:257:public void putInt(java.lang.String,int)
    272:281:public void putBoolean(java.lang.String,boolean)
    284:293:public void putFloat(java.lang.String,float)
    308:317:public void remove(java.lang.String)
    320:342:public void reload()
    345:355:public void clear()
    432:438:public int getInt(java.lang.String)
    442:448:public long getLong(java.lang.String)
    452:458:public float getFloat(java.lang.String)
    462:468:public boolean getBoolean(java.lang.String)
    472:478:public java.util.Map getAll()
com.ta.utdid2.core.persistent.TransactionXMLFile:
    public static final int MODE_WORLD_WRITEABLE
    public static final int MODE_WORLD_READABLE
    public static final int MODE_PRIVATE
com.ta.utdid2.core.persistent.TransactionXMLFile$MySharedPreferencesImpl:
    167:170:public void registerOnSharedPreferenceChangeListener(com.ta.utdid2.core.persistent.MySharedPreferences$OnSharedPreferenceChangeListener)
    174:177:public void unregisterOnSharedPreferenceChangeListener(com.ta.utdid2.core.persistent.MySharedPreferences$OnSharedPreferenceChangeListener)
    194:197:public int getInt(java.lang.String,int)
    208:211:public float getFloat(java.lang.String,float)
    215:218:public boolean getBoolean(java.lang.String,boolean)
    222:224:public boolean contains(java.lang.String)
com.ta.utdid2.core.persistent.TransactionXMLFile$MySharedPreferencesImpl$EditorImpl:
    267:270:public com.ta.utdid2.core.persistent.MySharedPreferences$MyEditor remove(java.lang.String)
com.ta.utdid2.core.persistent.XmlUtils:
    20:20:XmlUtils()
    24:29:public static void skipCurrentTag(org.xmlpull.v1.XmlPullParser)
    33:40:public static final int convertValueToList(java.lang.CharSequence,java.lang.String[],int)
    45:53:public static final boolean convertValueToBoolean(java.lang.CharSequence,boolean)
    58:96:public static final int convertValueToInt(java.lang.CharSequence,int)
    101:104:public static final int convertValueToUnsignedInt(java.lang.String,int)
    108:134:public static final int parseUnsignedIntAttribute(java.lang.CharSequence)
    178:185:public static final void writeListXml(java.util.List,java.io.OutputStream)
    479:481:public static final java.util.ArrayList readListXml(java.io.InputStream)
    787:799:public static final void beginDocument(org.xmlpull.v1.XmlPullParser,java.lang.String)
    805:808:public static final void nextElement(org.xmlpull.v1.XmlPullParser)
com.ta.utdid2.device.Device:
    19:19:long getCheckSum()
com.ta.utdid2.device.DeviceInfo:
    static final byte UTDID_VERSION_CODE
    10:10:public DeviceInfo()
com.ta.utdid2.device.UTDevice:
    10:10:public UTDevice()